May-15 08:33:12.976 [main] INFO  com.askimed.nf.test.App - nf-test 0.8.4
May-15 08:33:12.996 [main] INFO  com.askimed.nf.test.App - Arguments: [test, --tag, test_nothing, --profile, test_nothing,singularity]
May-15 08:33:14.232 [main] INFO  com.askimed.nf.test.App - Nextflow Version: 24.03.0
May-15 08:33:14.235 [main] INFO  com.askimed.nf.test.commands.RunTestsCommand - Load config from file /home/james/git/nf-core/funcscan/nf-test.config...
May-15 08:33:14.721 [main] INFO  com.askimed.nf.test.commands.RunTestsCommand - Detected 5 test files.
May-15 08:33:15.209 [main] INFO  com.askimed.nf.test.config.FileStaging - Copy directory '/home/james/git/nf-core/funcscan/bin' to '/home/james/git/nf-core/funcscan/.nf-test/tests/7a4f4c60927aeca8dcdcbd5c7ed8a286/meta/bin'
May-15 08:33:15.211 [main] WARN  com.askimed.nf.test.config.FileStaging - File '/home/james/git/nf-core/funcscan/lib' not found. Ignore it.
May-15 08:33:15.212 [main] INFO  com.askimed.nf.test.config.FileStaging - Copy directory '/home/james/git/nf-core/funcscan/assets' to '/home/james/git/nf-core/funcscan/.nf-test/tests/7a4f4c60927aeca8dcdcbd5c7ed8a286/meta/assets'
May-15 08:33:15.215 [main] DEBUG com.askimed.nf.test.core.AbstractTest - Stage 0 user provided files...
May-15 08:33:15.320 [main] INFO  com.askimed.nf.test.config.FileStaging - Copy directory '/home/james/git/nf-core/funcscan/bin' to '/home/james/git/nf-core/funcscan/.nf-test/tests/4909f95c913a9685af4d2a9c9fa95d5b/meta/bin'
May-15 08:33:15.322 [main] WARN  com.askimed.nf.test.config.FileStaging - File '/home/james/git/nf-core/funcscan/lib' not found. Ignore it.
May-15 08:33:15.322 [main] INFO  com.askimed.nf.test.config.FileStaging - Copy directory '/home/james/git/nf-core/funcscan/assets' to '/home/james/git/nf-core/funcscan/.nf-test/tests/4909f95c913a9685af4d2a9c9fa95d5b/meta/assets'
May-15 08:33:15.325 [main] DEBUG com.askimed.nf.test.core.AbstractTest - Stage 0 user provided files...
May-15 08:33:15.398 [main] INFO  com.askimed.nf.test.config.FileStaging - Copy directory '/home/james/git/nf-core/funcscan/bin' to '/home/james/git/nf-core/funcscan/.nf-test/tests/c942120d7cd43a13d3aa57ca51c91abb/meta/bin'
May-15 08:33:15.399 [main] WARN  com.askimed.nf.test.config.FileStaging - File '/home/james/git/nf-core/funcscan/lib' not found. Ignore it.
May-15 08:33:15.399 [main] INFO  com.askimed.nf.test.config.FileStaging - Copy directory '/home/james/git/nf-core/funcscan/assets' to '/home/james/git/nf-core/funcscan/.nf-test/tests/c942120d7cd43a13d3aa57ca51c91abb/meta/assets'
May-15 08:33:15.401 [main] DEBUG com.askimed.nf.test.core.AbstractTest - Stage 0 user provided files...
May-15 08:33:15.470 [main] INFO  com.askimed.nf.test.config.FileStaging - Copy directory '/home/james/git/nf-core/funcscan/bin' to '/home/james/git/nf-core/funcscan/.nf-test/tests/52b100158224458a81ca34b2864647e5/meta/bin'
May-15 08:33:15.471 [main] WARN  com.askimed.nf.test.config.FileStaging - File '/home/james/git/nf-core/funcscan/lib' not found. Ignore it.
May-15 08:33:15.471 [main] INFO  com.askimed.nf.test.config.FileStaging - Copy directory '/home/james/git/nf-core/funcscan/assets' to '/home/james/git/nf-core/funcscan/.nf-test/tests/52b100158224458a81ca34b2864647e5/meta/assets'
May-15 08:33:15.473 [main] DEBUG com.askimed.nf.test.core.AbstractTest - Stage 0 user provided files...
May-15 08:33:15.544 [main] INFO  com.askimed.nf.test.config.FileStaging - Copy directory '/home/james/git/nf-core/funcscan/bin' to '/home/james/git/nf-core/funcscan/.nf-test/tests/5c82ca266527e84f2d38c0fc3935a10d/meta/bin'
May-15 08:33:15.545 [main] WARN  com.askimed.nf.test.config.FileStaging - File '/home/james/git/nf-core/funcscan/lib' not found. Ignore it.
May-15 08:33:15.545 [main] INFO  com.askimed.nf.test.config.FileStaging - Copy directory '/home/james/git/nf-core/funcscan/assets' to '/home/james/git/nf-core/funcscan/.nf-test/tests/5c82ca266527e84f2d38c0fc3935a10d/meta/assets'
May-15 08:33:15.547 [main] DEBUG com.askimed.nf.test.core.AbstractTest - Stage 0 user provided files...
May-15 08:33:15.549 [main] INFO  com.askimed.nf.test.core.TestExecutionEngine - Started test plan
May-15 08:33:15.549 [main] INFO  com.askimed.nf.test.core.TestExecutionEngine - Running testsuite 'Test pipeline: NFCORE_FUNCSCAN' from file '/home/james/git/nf-core/funcscan/tests/test_nothing.nf.test'.
May-15 08:33:15.550 [main] INFO  com.askimed.nf.test.core.TestExecutionEngine - Run test 'c942120d: test_nothing_profile'. type: com.askimed.nf.test.lang.pipeline.PipelineTest
May-15 08:33:28.876 [main] DEBUG com.askimed.nf.test.lang.extensions.SnapshotFile - Load snapshots from file '/home/james/git/nf-core/funcscan/tests/test_nothing.nf.test.snap'
May-15 08:33:28.903 [main] DEBUG com.askimed.nf.test.lang.extensions.Snapshot - Snapshots 'test_nothing_profile' do not match.
May-15 08:33:28.919 [main] INFO  com.askimed.nf.test.core.TestExecutionEngine - Test 'c942120d: test_nothing_profile' finished. status: FAILED
org.codehaus.groovy.runtime.powerassert.PowerAssertionError: 4 of 4 assertions failed
	at com.askimed.nf.test.lang.extensions.GlobalMethods.assertAll(GlobalMethods.java:48)
	at java.base/jdk.internal.reflect.NativeMethodAccessorImpl.invoke0(Native Method)
	at java.base/jdk.internal.reflect.NativeMethodAccessorImpl.invoke(NativeMethodAccessorImpl.java:77)
	at java.base/jdk.internal.reflect.DelegatingMethodAccessorImpl.invoke(DelegatingMethodAccessorImpl.java:43)
	at java.base/java.lang.reflect.Method.invoke(Method.java:568)
	at org.codehaus.groovy.reflection.CachedMethod.invoke(CachedMethod.java:107)
	at groovy.lang.MetaMethod.doMethodInvoke(MetaMethod.java:323)
	at org.codehaus.groovy.runtime.callsite.StaticMetaMethodSite.invoke(StaticMetaMethodSite.java:44)
	at org.codehaus.groovy.runtime.callsite.StaticMetaMethodSite.callStatic(StaticMetaMethodSite.java:100)
	at org.codehaus.groovy.runtime.callsite.CallSiteArray.defaultCallStatic(CallSiteArray.java:55)
	at org.codehaus.groovy.runtime.callsite.AbstractCallSite.callStatic(AbstractCallSite.java:217)
	at org.codehaus.groovy.runtime.callsite.AbstractCallSite.callStatic(AbstractCallSite.java:258)
	at test_nothing_nf$_run_closure1$_closure2$_closure4.doCall(test_nothing.nf.test:18)
	at test_nothing_nf$_run_closure1$_closure2$_closure4.doCall(test_nothing.nf.test)
	at java.base/jdk.internal.reflect.NativeMethodAccessorImpl.invoke0(Native Method)
	at java.base/jdk.internal.reflect.NativeMethodAccessorImpl.invoke(NativeMethodAccessorImpl.java:77)
	at java.base/jdk.internal.reflect.DelegatingMethodAccessorImpl.invoke(DelegatingMethodAccessorImpl.java:43)
	at java.base/java.lang.reflect.Method.invoke(Method.java:568)
	at org.codehaus.groovy.reflection.CachedMethod.invoke(CachedMethod.java:107)
	at groovy.lang.MetaMethod.doMethodInvoke(MetaMethod.java:323)
	at org.codehaus.groovy.runtime.metaclass.ClosureMetaClass.invokeMethod(ClosureMetaClass.java:274)
	at groovy.lang.MetaClassImpl.invokeMethod(MetaClassImpl.java:1030)
	at groovy.lang.Closure.call(Closure.java:427)
	at groovy.lang.Closure.call(Closure.java:406)
	at com.askimed.nf.test.lang.TestCode.execute(TestCode.java:16)
	at com.askimed.nf.test.lang.pipeline.PipelineTest.execute(PipelineTest.java:135)
	at com.askimed.nf.test.core.TestExecutionEngine.execute(TestExecutionEngine.java:214)
	at com.askimed.nf.test.commands.RunTestsCommand.execute(RunTestsCommand.java:184)
	at com.askimed.nf.test.commands.AbstractCommand.call(AbstractCommand.java:43)
	at com.askimed.nf.test.commands.AbstractCommand.call(AbstractCommand.java:18)
	at picocli.CommandLine.executeUserObject(CommandLine.java:1953)
	at picocli.CommandLine.access$1300(CommandLine.java:145)
	at picocli.CommandLine$RunLast.executeUserObjectOfLastSubcommandWithSameParent(CommandLine.java:2352)
	at picocli.CommandLine$RunLast.handle(CommandLine.java:2346)
	at picocli.CommandLine$RunLast.handle(CommandLine.java:2311)
	at picocli.CommandLine$AbstractParseResultHandler.execute(CommandLine.java:2179)
	at picocli.CommandLine.execute(CommandLine.java:2078)
	at com.askimed.nf.test.App.run(App.java:44)
	at com.askimed.nf.test.App.main(App.java:51)
May-15 08:33:28.933 [main] INFO  com.askimed.nf.test.core.TestExecutionEngine - Testsuite 'Test pipeline: NFCORE_FUNCSCAN' finished. snapshot file: true, skipped tests: false, failed tests: true
May-15 08:33:28.934 [main] INFO  com.askimed.nf.test.core.TestExecutionEngine - Executed 1 tests. 1 tests failed. Done!
